Base path: 'C:/Program Files/Unity/Hub/Editor/2019.2.0f1/Editor/Data', plugins path 'C:/Program Files/Unity/Hub/Editor/2019.2.0f1/Editor/Data/PlaybackEngines'
Cmd: initializeCompiler
Cmd: preprocess
  insize=8770 outsize=1867 ok=1
Cmd: preprocess
  insize=11391 outsize=686 ok=1
Cmd: preprocess
  insize=1220 outsize=454 ok=1
Cmd: preprocess
  insize=9980 outsize=761 ok=1
Cmd: preprocess
  insize=1780 outsize=404 ok=1
Cmd: preprocess
  insize=981 outsize=402 ok=1
Cmd: preprocess
  insize=6027 outsize=985 ok=1
Cmd: preprocess
  insize=1068 outsize=361 ok=1
Cmd: preprocess
  insize=1367 outsize=459 ok=1
Cmd: preprocess
  insize=3763 outsize=660 ok=1
Cmd: preprocess
  insize=1306 outsize=455 ok=1
Cmd: preprocess
  insize=6871 outsize=751 ok=1
Cmd: preprocess
  insize=1240 outsize=360 ok=1
Cmd: preprocess
  insize=2609 outsize=745 ok=1
Cmd: preprocess
  insize=1023 outsize=347 ok=1
Cmd: preprocess
  insize=1313 outsize=319 ok=1
Cmd: preprocess
  insize=1489 outsize=400 ok=1
Cmd: preprocess
  insize=1345 outsize=373 ok=1
Cmd: preprocess
  insize=2411 outsize=700 ok=1
Cmd: preprocess
  insize=1037 outsize=320 ok=1
Cmd: preprocess
  insize=6501 outsize=928 ok=1
Cmd: preprocess
  insize=33483 outsize=322 ok=1
Cmd: preprocess
  insize=1302 outsize=313 ok=1
Cmd: preprocess
  insize=4562 outsize=524 ok=1
Cmd: preprocess
  insize=1133 outsize=320 ok=1
Cmd: preprocess
  insize=5072 outsize=1589 ok=1
Cmd: preprocess
  insize=13386 outsize=1776 ok=1
Cmd: preprocess
  insize=1104 outsize=405 ok=1
Cmd: preprocess
  insize=6343 outsize=698 ok=1
Cmd: preprocess
  insize=2893 outsize=727 ok=1
Cmd: preprocess
  insize=11258 outsize=2525 ok=1
Cmd: preprocess
  insize=12989 outsize=2140 ok=1
Cmd: preprocess
  insize=2089 outsize=484 ok=1
Cmd: preprocess
  insize=1682 outsize=347 ok=1
Cmd: preprocess
  insize=24983 outsize=3682 ok=1
Cmd: preprocess
  insize=4177 outsize=549 ok=1
Cmd: preprocess
  insize=1843 outsize=352 ok=1
Cmd: preprocess
  insize=1109 outsize=405 ok=1
Cmd: preprocess
  insize=1239 outsize=452 ok=1
Cmd: preprocess
  insize=5888 outsize=817 ok=1
Cmd: preprocess
  insize=5453 outsize=703 ok=1
Cmd: preprocess
  insize=6806 outsize=812 ok=1
Cmd: preprocess
  insize=33492 outsize=321 ok=1
Cmd: preprocess
  insize=5430 outsize=1820 ok=1
Cmd: preprocess
  insize=7007 outsize=303 ok=1
Cmd: preprocess
  insize=4497 outsize=465 ok=1
Cmd: preprocess
  insize=4912 outsize=857 ok=1
Cmd: preprocess
  insize=6057 outsize=1241 ok=1
Cmd: preprocess
  insize=853 outsize=356 ok=1
Cmd: preprocess
  insize=3931 outsize=620 ok=1
Cmd: preprocess
  insize=934 outsize=346 ok=1
Cmd: preprocess
  insize=1414 outsize=342 ok=1
Cmd: preprocess
  insize=2217 outsize=1021 ok=1
Cmd: preprocess
  insize=5399 outsize=728 ok=1
Cmd: preprocess
  insize=1293 outsize=438 ok=1
Cmd: preprocess
  insize=636 outsize=311 ok=1
Cmd: preprocess
  insize=781 outsize=364 ok=1
Cmd: preprocess
  insize=5319 outsize=843 ok=1
Cmd: compileSnippet
  api=4 type=0 insize=1302 outsize=1414 kw=UNITY_PASS_SHADOWCASTER SHADOWS_DEPTH _SMOOTHNESS_TEXTURE_ALBEDO_CHANNEL_A pd=UNITY_ENABLE_REFLECTION_BUFFERS UNITY_USE_DITHER_MASK_FOR_ALPHABLENDED_SHADOWS UNITY_PBS_USE_BRDF1 UNITY_SPECCUBE_BOX_PROJECTION UNITY_SPECCUBE_BLENDING UNITY_ENABLE_DETAIL_NORMALMAP SHADER_API_DESKTOP UNITY_COLORSPACE_GAMMA UNITY_LIGHT_PROBE_PROXY_VOLUME UNITY_LIGHTMAP_FULL_HDR ok=1
Cmd: compileSnippet
  api=4 type=1 insize=1302 outsize=218 kw=UNITY_PASS_SHADOWCASTER SHADOWS_DEPTH _SMOOTHNESS_TEXTURE_ALBEDO_CHANNEL_A pd=UNITY_ENABLE_REFLECTION_BUFFERS UNITY_USE_DITHER_MASK_FOR_ALPHABLENDED_SHADOWS UNITY_PBS_USE_BRDF1 UNITY_SPECCUBE_BOX_PROJECTION UNITY_SPECCUBE_BLENDING UNITY_ENABLE_DETAIL_NORMALMAP SHADER_API_DESKTOP UNITY_COLORSPACE_GAMMA UNITY_LIGHT_PROBE_PROXY_VOLUME UNITY_LIGHTMAP_FULL_HDR ok=1
Cmd: compileSnippet
  api=4 type=0 insize=1596 outsize=1894 kw=UNITY_PASS_FORWARDBASE DIRECTIONAL LIGHTPROBE_SH _SMOOTHNESS_TEXTURE_ALBEDO_CHANNEL_A pd=UNITY_ENABLE_REFLECTION_BUFFERS UNITY_USE_DITHER_MASK_FOR_ALPHABLENDED_SHADOWS UNITY_PBS_USE_BRDF1 UNITY_SPECCUBE_BOX_PROJECTION UNITY_SPECCUBE_BLENDING UNITY_ENABLE_DETAIL_NORMALMAP SHADER_API_DESKTOP UNITY_COLORSPACE_GAMMA UNITY_LIGHT_PROBE_PROXY_VOLUME UNITY_LIGHTMAP_FULL_HDR ok=1
Cmd: compileSnippet
  api=4 type=1 insize=1596 outsize=6802 kw=UNITY_PASS_FORWARDBASE DIRECTIONAL LIGHTPROBE_SH _SMOOTHNESS_TEXTURE_ALBEDO_CHANNEL_A pd=UNITY_ENABLE_REFLECTION_BUFFERS UNITY_USE_DITHER_MASK_FOR_ALPHABLENDED_SHADOWS UNITY_PBS_USE_BRDF1 UNITY_SPECCUBE_BOX_PROJECTION UNITY_SPECCUBE_BLENDING UNITY_ENABLE_DETAIL_NORMALMAP SHADER_API_DESKTOP UNITY_COLORSPACE_GAMMA UNITY_LIGHT_PROBE_PROXY_VOLUME UNITY_LIGHTMAP_FULL_HDR ok=1
Cmd: compileSnippet
  api=4 type=0 insize=1454 outsize=1690 kw=UNITY_PASS_FORWARDADD DIRECTIONAL _SMOOTHNESS_TEXTURE_ALBEDO_CHANNEL_A pd=UNITY_ENABLE_REFLECTION_BUFFERS UNITY_USE_DITHER_MASK_FOR_ALPHABLENDED_SHADOWS UNITY_PBS_USE_BRDF1 UNITY_SPECCUBE_BOX_PROJECTION UNITY_SPECCUBE_BLENDING UNITY_ENABLE_DETAIL_NORMALMAP SHADER_API_DESKTOP UNITY_COLORSPACE_GAMMA UNITY_LIGHT_PROBE_PROXY_VOLUME UNITY_LIGHTMAP_FULL_HDR ok=1
Cmd: compileSnippet
  api=4 type=1 insize=1454 outsize=3386 kw=UNITY_PASS_FORWARDADD DIRECTIONAL _SMOOTHNESS_TEXTURE_ALBEDO_CHANNEL_A pd=UNITY_ENABLE_REFLECTION_BUFFERS UNITY_USE_DITHER_MASK_FOR_ALPHABLENDED_SHADOWS UNITY_PBS_USE_BRDF1 UNITY_SPECCUBE_BOX_PROJECTION UNITY_SPECCUBE_BLENDING UNITY_ENABLE_DETAIL_NORMALMAP SHADER_API_DESKTOP UNITY_COLORSPACE_GAMMA UNITY_LIGHT_PROBE_PROXY_VOLUME UNITY_LIGHTMAP_FULL_HDR ok=1
